{"name": "test_TC_12_search_vendor", "status": "broken", "statusDetails": {"message": "selenium.common.exceptions.NoSuchElementException: Message: no such element: Unable to locate element: {\"method\":\"xpath\",\"selector\":\"//app-event-vendor-management[1]/section[1]/div[1]/div[2]/div[1]/div[1]/div[1]/div[1]/div[1]/div[1]/div[1]/input[1]\"}\n  (Session info: chrome=112.0.5615.138)\nStacktrace:\nBacktrace:\n\tGetHandleVerifier [0x00E6DCE3+50899]\n\t(No symbol) [0x00DFE111]\n\t(No symbol) [0x00D05588]\n\t(No symbol) [0x00D308F9]\n\t(No symbol) [0x00D30AFB]\n\t(No symbol) [0x00D5F902]\n\t(No symbol) [0x00D4B944]\n\t(No symbol) [0x00D5E01C]\n\t(No symbol) [0x00D4B6F6]\n\t(No symbol) [0x00D27708]\n\t(No symbol) [0x00D2886D]\n\tGetHandleVerifier [0x010D3EAE+2566302]\n\tGetHandleVerifier [0x011092B1+2784417]\n\tGetHandleVerifier [0x0110327C+2759788]\n\tGetHandleVerifier [0x00F05740+672048]\n\t(No symbol) [0x00E08872]\n\t(No symbol) [0x00E041C8]\n\t(No symbol) [0x00E042AB]\n\t(No symbol) [0x00DF71B7]\n\tBaseThreadInitThunk [0x769D7D49+25]\n\tRtlInitializeExceptionChain [0x7795B74B+107]\n\tRtlClearBits [0x7795B6CF+191]", "trace": "self = <mainfile.eventvendor.TestEpo object at 0x0000014445AFC130>\n\n    @allure.description('search the vendor in search text box and it will only show the vendor name related to text')\n    def test_TC_12_search_vendor(self):\n        searchvendor = Search_vendor(self.driver)\n        time.sleep(3)\n>       searchvendor.Search_vendor_textbox().send_keys('ryan')\n\neventvendor.py:359: \n_ _ _ _ _ _ _ _ _ _ _ _ _ _ _ _ _ _ _ _ _ _ _ _ _ _ _ _ _ _ _ _ _ _ _ _ _ _ _ _\n..\\PageObject\\Search_vendor.py:16: in Search_vendor_textbox\n    return self.driver.find_element(*Search_vendor.search_vendor_textbox)\n..\\..\\..\\AppData\\Local\\Programs\\Python\\Python310\\lib\\site-packages\\selenium\\webdriver\\remote\\webdriver.py:831: in find_element\n    return self.execute(Command.FIND_ELEMENT, {\"using\": by, \"value\": value})[\"value\"]\n..\\..\\..\\AppData\\Local\\Programs\\Python\\Python310\\lib\\site-packages\\selenium\\webdriver\\remote\\webdriver.py:440: in execute\n    self.error_handler.check_response(response)\n_ _ _ _ _ _ _ _ _ _ _ _ _ _ _ _ _ _ _ _ _ _ _ _ _ _ _ _ _ _ _ _ _ _ _ _ _ _ _ _\n\nself = <selenium.webdriver.remote.errorhandler.ErrorHandler object at 0x0000014445AFCF40>\nresponse = {'status': 404, 'value': '{\"value\":{\"error\":\"no such element\",\"message\":\"no such element: Unable to locate element: {\\...dInitThunk [0x769D7D49+25]\\\\n\\\\tRtlInitializeExceptionChain [0x7795B74B+107]\\\\n\\\\tRtlClearBits [0x7795B6CF+191]\\\\n\"}}'}\n\n    def check_response(self, response: Dict[str, Any]) -> None:\n        \"\"\"Checks that a JSON response from the WebDriver does not have an\n        error.\n    \n        :Args:\n         - response - The JSON response from the WebDriver server as a dictionary\n           object.\n    \n        :Raises: If the response contains an error message.\n        \"\"\"\n        status = response.get(\"status\", None)\n        if not status or status == ErrorCode.SUCCESS:\n            return\n        value = None\n        message = response.get(\"message\", \"\")\n        screen: str = response.get(\"screen\", \"\")\n        stacktrace = None\n        if isinstance(status, int):\n            value_json = response.get(\"value\", None)\n            if value_json and isinstance(value_json, str):\n                import json\n    \n                try:\n                    value = json.loads(value_json)\n                    if len(value) == 1:\n                        value = value[\"value\"]\n                    status = value.get(\"error\", None)\n                    if not status:\n                        status = value.get(\"status\", ErrorCode.UNKNOWN_ERROR)\n                        message = value.get(\"value\") or value.get(\"message\")\n                        if not isinstance(message, str):\n                            value = message\n                            message = message.get(\"message\")\n                    else:\n                        message = value.get(\"message\", None)\n                except ValueError:\n                    pass\n    \n        exception_class: Type[WebDriverException]\n        if status in ErrorCode.NO_SUCH_ELEMENT:\n            exception_class = NoSuchElementException\n        elif status in ErrorCode.NO_SUCH_FRAME:\n            exception_class = NoSuchFrameException\n        elif status in ErrorCode.NO_SUCH_SHADOW_ROOT:\n            exception_class = NoSuchShadowRootException\n        elif status in ErrorCode.NO_SUCH_WINDOW:\n            exception_class = NoSuchWindowException\n        elif status in ErrorCode.STALE_ELEMENT_REFERENCE:\n            exception_class = StaleElementReferenceException\n        elif status in ErrorCode.ELEMENT_NOT_VISIBLE:\n            exception_class = ElementNotVisibleException\n        elif status in ErrorCode.INVALID_ELEMENT_STATE:\n            exception_class = InvalidElementStateException\n        elif (\n            status in ErrorCode.INVALID_SELECTOR\n            or status in ErrorCode.INVALID_XPATH_SELECTOR\n            or status in ErrorCode.INVALID_XPATH_SELECTOR_RETURN_TYPER\n        ):\n            exception_class = InvalidSelectorException\n        elif status in ErrorCode.ELEMENT_IS_NOT_SELECTABLE:\n            exception_class = ElementNotSelectableException\n        elif status in ErrorCode.ELEMENT_NOT_INTERACTABLE:\n            exception_class = ElementNotInteractableException\n        elif status in ErrorCode.INVALID_COOKIE_DOMAIN:\n            exception_class = InvalidCookieDomainException\n        elif status in ErrorCode.UNABLE_TO_SET_COOKIE:\n            exception_class = UnableToSetCookieException\n        elif status in ErrorCode.TIMEOUT:\n            exception_class = TimeoutException\n        elif status in ErrorCode.SCRIPT_TIMEOUT:\n            exception_class = TimeoutException\n        elif status in ErrorCode.UNKNOWN_ERROR:\n            exception_class = WebDriverException\n        elif status in ErrorCode.UNEXPECTED_ALERT_OPEN:\n            exception_class = UnexpectedAlertPresentException\n        elif status in ErrorCode.NO_ALERT_OPEN:\n            exception_class = NoAlertPresentException\n        elif status in ErrorCode.IME_NOT_AVAILABLE:\n            exception_class = ImeNotAvailableException\n        elif status in ErrorCode.IME_ENGINE_ACTIVATION_FAILED:\n            exception_class = ImeActivationFailedException\n        elif status in ErrorCode.MOVE_TARGET_OUT_OF_BOUNDS:\n            exception_class = MoveTargetOutOfBoundsException\n        elif status in ErrorCode.JAVASCRIPT_ERROR:\n            exception_class = JavascriptException\n        elif status in ErrorCode.SESSION_NOT_CREATED:\n            exception_class = SessionNotCreatedException\n        elif status in ErrorCode.INVALID_ARGUMENT:\n            exception_class = InvalidArgumentException\n        elif status in ErrorCode.NO_SUCH_COOKIE:\n            exception_class = NoSuchCookieException\n        elif status in ErrorCode.UNABLE_TO_CAPTURE_SCREEN:\n            exception_class = ScreenshotException\n        elif status in ErrorCode.ELEMENT_CLICK_INTERCEPTED:\n            exception_class = ElementClickInterceptedException\n        elif status in ErrorCode.INSECURE_CERTIFICATE:\n            exception_class = InsecureCertificateException\n        elif status in ErrorCode.INVALID_COORDINATES:\n            exception_class = InvalidCoordinatesException\n        elif status in ErrorCode.INVALID_SESSION_ID:\n            exception_class = InvalidSessionIdException\n        elif status in ErrorCode.UNKNOWN_METHOD:\n            exception_class = UnknownMethodException\n        else:\n            exception_class = WebDriverException\n        if not value:\n            value = response[\"value\"]\n        if isinstance(value, str):\n            raise exception_class(value)\n        if message == \"\" and \"message\" in value:\n            message = value[\"message\"]\n    \n        screen = None  # type: ignore[assignment]\n        if \"screen\" in value:\n            screen = value[\"screen\"]\n    \n        stacktrace = None\n        st_value = value.get(\"stackTrace\") or value.get(\"stacktrace\")\n        if st_value:\n            if isinstance(st_value, str):\n                stacktrace = st_value.split(\"\\n\")\n            else:\n                stacktrace = []\n                try:\n                    for frame in st_value:\n                        line = frame.get(\"lineNumber\", \"\")\n                        file = frame.get(\"fileName\", \"<anonymous>\")\n                        if line:\n                            file = f\"{file}:{line}\"\n                        meth = frame.get(\"methodName\", \"<anonymous>\")\n                        if \"className\" in frame:\n                            meth = f\"{frame['className']}.{meth}\"\n                        msg = \"    at %s (%s)\"\n                        msg = msg % (meth, file)\n                        stacktrace.append(msg)\n                except TypeError:\n                    pass\n        if exception_class == UnexpectedAlertPresentException:\n            alert_text = None\n            if \"data\" in value:\n                alert_text = value[\"data\"].get(\"text\")\n            elif \"alert\" in value:\n                alert_text = value[\"alert\"].get(\"text\")\n            raise exception_class(message, screen, stacktrace, alert_text)  # type: ignore[call-arg]  # mypy is not smart enough here\n>       raise exception_class(message, screen, stacktrace)\nE       selenium.common.exceptions.NoSuchElementException: Message: no such element: Unable to locate element: {\"method\":\"xpath\",\"selector\":\"//app-event-vendor-management[1]/section[1]/div[1]/div[2]/div[1]/div[1]/div[1]/div[1]/div[1]/div[1]/div[1]/input[1]\"}\nE         (Session info: chrome=112.0.5615.138)\nE       Stacktrace:\nE       Backtrace:\nE       \tGetHandleVerifier [0x00E6DCE3+50899]\nE       \t(No symbol) [0x00DFE111]\nE       \t(No symbol) [0x00D05588]\nE       \t(No symbol) [0x00D308F9]\nE       \t(No symbol) [0x00D30AFB]\nE       \t(No symbol) [0x00D5F902]\nE       \t(No symbol) [0x00D4B944]\nE       \t(No symbol) [0x00D5E01C]\nE       \t(No symbol) [0x00D4B6F6]\nE       \t(No symbol) [0x00D27708]\nE       \t(No symbol) [0x00D2886D]\nE       \tGetHandleVerifier [0x010D3EAE+2566302]\nE       \tGetHandleVerifier [0x011092B1+2784417]\nE       \tGetHandleVerifier [0x0110327C+2759788]\nE       \tGetHandleVerifier [0x00F05740+672048]\nE       \t(No symbol) [0x00E08872]\nE       \t(No symbol) [0x00E041C8]\nE       \t(No symbol) [0x00E042AB]\nE       \t(No symbol) [0x00DF71B7]\nE       \tBaseThreadInitThunk [0x769D7D49+25]\nE       \tRtlInitializeExceptionChain [0x7795B74B+107]\nE       \tRtlClearBits [0x7795B6CF+191]\n\n..\\..\\..\\AppData\\Local\\Programs\\Python\\Python310\\lib\\site-packages\\selenium\\webdriver\\remote\\errorhandler.py:245: NoSuchElementException"}, "description": "search the vendor in search text box and it will only show the vendor name related to text", "start": 1683982489910, "stop": 1683982492943, "uuid": "98f14561-57f9-44c6-93c0-ad5198789867", "historyId": "7b24a632dce0e58524c31e6d000bef7b", "testCaseId": "37834c779a1fd5b782c1b930096b70a0", "fullName": "eventvendor.TestEpo#test_TC_12_search_vendor", "labels": [{"name": "severity", "value": "normal"}, {"name": "tag", "value": "@pytest.mark.usefixtures('setup')"}, {"name": "suite", "value": "eventvendor"}, {"name": "subSuite", "value": "TestEpo"}, {"name": "host", "value": "Alexherbertraj"}, {"name": "thread", "value": "22196-MainThread"}, {"name": "framework", "value": "pytest"}, {"name": "language", "value": "cpython3"}, {"name": "package", "value": "eventvendor"}]}